<?xml version="1.0" encoding="UTF-8"?>
<!-- Generated by org.testng.reporters.JUnitReportReporter -->
<testsuite hostname="SEZLP657" failures="0" tests="3" name="main.ExecutionClass" time="27.550" errors="0" timestamp="2022-07-27T13:52:44 IST" skipped="0">
  <testcase classname="main.ExecutionClass" name="TS_SDIR_017" time="9.335"/>
  <system-out/>
  <testcase classname="main.ExecutionClass" name="TS_SDIR_019" time="8.499"/>
  <system-out/>
  <testcase classname="main.ExecutionClass" name="TS_SDIR_016" time="9.716"/>
  <system-out/>
</testsuite> <!-- main.ExecutionClass -->
