<?xml version="1.0" encoding="UTF-8"?>
<!-- Generated by org.testng.reporters.JUnitReportReporter -->
<testsuite hostname="SEZLP657" failures="0" tests="3" name="main.ExecutionClass" time="19.223" errors="0" timestamp="2022-07-17T15:56:46 IST" skipped="0">
  <testcase classname="main.ExecutionClass" name="TS_SDIR_017" time="5.768"/>
  <system-out/>
  <testcase classname="main.ExecutionClass" name="TS_SDIR_016" time="5.972"/>
  <system-out/>
  <testcase classname="main.ExecutionClass" name="TS_SDIR_019" time="7.483"/>
  <system-out/>
</testsuite> <!-- main.ExecutionClass -->
